No routes defined in ""The option outDir isn't configured, using default folder "[33m.\dist\static\[39m".

No routes defined in ""The option outDir isn't configured, using default folder "[33m.\dist\static\[39m".

The option outDir isn't configured, using default folder "[33m.\dist\static\[39m".No routes defined in ""

No routes defined in ""The option outDir isn't configured, using default folder "[33m.\dist\static\[39m".

No routes defined in ""The option outDir isn't configured, using default folder "[33m.\dist\static\[39m".

The option outDir isn't configured, using default folder "[33m.\dist\static\[39m".No routes defined in ""

The option outDir isn't configured, using default folder "[33m.\dist\static\[39m".No routes defined in ""


We encountered a problem while reading the routes from your applications source.
This might happen when there are lazy-loaded routes, that are not loaded,
Or when there are paths we can not resolve statically.
Check the routes in your app, rebuild and retry.
[33m(You can inspect the error by passing the --showGuessError flag[39m

[32mWhen there are extraRoutes in your config, we will still try to render those.[39m



----------------------------------
Using stored unhandled routes!.
   To discover new routes in the angular app use "[33mnpm run scully -- --scanRoutes[39m"
----------------------------------

We encountered a problem while reading the routes from your applications source.
This might happen when there are lazy-loaded routes, that are not loaded,
Or when there are paths we can not resolve statically.
Check the routes in your app, rebuild and retry.
[33m(You can inspect the error by passing the --showGuessError flag[39m

[32mWhen there are extraRoutes in your config, we will still try to render those.[39m



We encountered a problem while reading the routes from your applications source.
This might happen when there are lazy-loaded routes, that are not loaded,
Or when there are paths we can not resolve statically.
Check the routes in your app, rebuild and retry.
[33m(You can inspect the error by passing the --showGuessError flag[39m

[32mWhen there are extraRoutes in your config, we will still try to render those.[39m



We encountered a problem while reading the routes from your applications source.
This might happen when there are lazy-loaded routes, that are not loaded,
Or when there are paths we can not resolve statically.
Check the routes in your app, rebuild and retry.
[33m(You can inspect the error by passing the --showGuessError flag[39m

[32mWhen there are extraRoutes in your config, we will still try to render those.[39m



We encountered a problem while reading the routes from your applications source.
This might happen when there are lazy-loaded routes, that are not loaded,
Or when there are paths we can not resolve statically.
Check the routes in your app, rebuild and retry.
[33m(You can inspect the error by passing the --showGuessError flag[39m

[32mWhen there are extraRoutes in your config, we will still try to render those.[39m


The option outDir isn't configured, using default folder "[33m.\dist\static\[39m".No routes defined in ""

No routes defined in ""The option outDir isn't configured, using default folder "[33m.\dist\static\[39m".


We encountered a problem while reading the routes from your applications source.
This might happen when there are lazy-loaded routes, that are not loaded,
Or when there are paths we can not resolve statically.
Check the routes in your app, rebuild and retry.
[33m(You can inspect the error by passing the --showGuessError flag[39m

[32mWhen there are extraRoutes in your config, we will still try to render those.[39m



We encountered a problem while reading the routes from your applications source.
This might happen when there are lazy-loaded routes, that are not loaded,
Or when there are paths we can not resolve statically.
Check the routes in your app, rebuild and retry.
[33m(You can inspect the error by passing the --showGuessError flag[39m

[32mWhen there are extraRoutes in your config, we will still try to render those.[39m



We encountered a problem while reading the routes from your applications source.
This might happen when there are lazy-loaded routes, that are not loaded,
Or when there are paths we can not resolve statically.
Check the routes in your app, rebuild and retry.
[33m(You can inspect the error by passing the --showGuessError flag[39m

[32mWhen there are extraRoutes in your config, we will still try to render those.[39m



We encountered a problem while reading the routes from your applications source.
This might happen when there are lazy-loaded routes, that are not loaded,
Or when there are paths we can not resolve statically.
Check the routes in your app, rebuild and retry.
[33m(You can inspect the error by passing the --showGuessError flag[39m

[32mWhen there are extraRoutes in your config, we will still try to render those.[39m



We encountered a problem while reading the routes from your applications source.
This might happen when there are lazy-loaded routes, that are not loaded,
Or when there are paths we can not resolve statically.
Check the routes in your app, rebuild and retry.
[33m(You can inspect the error by passing the --showGuessError flag[39m

[32mWhen there are extraRoutes in your config, we will still try to render those.[39m



We encountered a problem while reading the routes from your applications source.
This might happen when there are lazy-loaded routes, that are not loaded,
Or when there are paths we can not resolve statically.
Check the routes in your app, rebuild and retry.
[33m(You can inspect the error by passing the --showGuessError flag[39m

[32mWhen there are extraRoutes in your config, we will still try to render those.[39m


Received Kill command

We encountered a problem while reading the routes from your applications source.
This might happen when there are lazy-loaded routes, that are not loaded,
Or when there are paths we can not resolve statically.
Check the routes in your app, rebuild and retry.
[33m(You can inspect the error by passing the --showGuessError flag[39m

[32mWhen there are extraRoutes in your config, we will still try to render those.[39m


Received Kill command

We encountered a problem while reading the routes from your applications source.
This might happen when there are lazy-loaded routes, that are not loaded,
Or when there are paths we can not resolve statically.
Check the routes in your app, rebuild and retry.
[33m(You can inspect the error by passing the --showGuessError flag[39m

[32mWhen there are extraRoutes in your config, we will still try to render those.[39m


Received Kill command

We encountered a problem while reading the routes from your applications source.
This might happen when there are lazy-loaded routes, that are not loaded,
Or when there are paths we can not resolve statically.
Check the routes in your app, rebuild and retry.
[33m(You can inspect the error by passing the --showGuessError flag[39m

[32mWhen there are extraRoutes in your config, we will still try to render those.[39m


Received Kill command

We encountered a problem while reading the routes from your applications source.
This might happen when there are lazy-loaded routes, that are not loaded,
Or when there are paths we can not resolve statically.
Check the routes in your app, rebuild and retry.
[33m(You can inspect the error by passing the --showGuessError flag[39m

[32mWhen there are extraRoutes in your config, we will still try to render those.[39m


Received Kill command

We encountered a problem while reading the routes from your applications source.
This might happen when there are lazy-loaded routes, that are not loaded,
Or when there are paths we can not resolve statically.
Check the routes in your app, rebuild and retry.
[33m(You can inspect the error by passing the --showGuessError flag[39m

[32mWhen there are extraRoutes in your config, we will still try to render those.[39m


Received Kill command

We encountered a problem while reading the routes from your applications source.
This might happen when there are lazy-loaded routes, that are not loaded,
Or when there are paths we can not resolve statically.
Check the routes in your app, rebuild and retry.
[33m(You can inspect the error by passing the --showGuessError flag[39m

[32mWhen there are extraRoutes in your config, we will still try to render those.[39m


Received Kill command

We encountered a problem while reading the routes from your applications source.
This might happen when there are lazy-loaded routes, that are not loaded,
Or when there are paths we can not resolve statically.
Check the routes in your app, rebuild and retry.
[33m(You can inspect the error by passing the --showGuessError flag[39m

[32mWhen there are extraRoutes in your config, we will still try to render those.[39m


Received Kill command

We encountered a problem while reading the routes from your applications source.
This might happen when there are lazy-loaded routes, that are not loaded,
Or when there are paths we can not resolve statically.
Check the routes in your app, rebuild and retry.
[33m(You can inspect the error by passing the --showGuessError flag[39m

[32mWhen there are extraRoutes in your config, we will still try to render those.[39m


Received Kill command
